Added Component: Designator=C26(LC-0805_C)
Add component (AddParameter): Name = "ComponentLink1Description"; Value = "供应商链接"; VariantName = "[No Variations]"
Add component (AddParameter): Name = "ComponentLink1URL"; Value = "http://www.szlcsc.com/product/details_50686.html"; VariantName = "[No Variations]"
Add component (AddParameter): Name = "Package"; Value = "0805"; VariantName = "[No Variations]"
Add component (AddParameter): Name = "Supplier"; Value = "LC"; VariantName = "[No Variations]"
Add component (AddParameter): Name = "SuppliersPartNumber"; Value = "C49678"; VariantName = "[No Variations]"
Added Component: Designator=R28(LC-0805_R)
Add component (AddParameter): Name = "ComponentLink1Description"; Value = "供应商链接"; VariantName = "[No Variations]"
Add component (AddParameter): Name = "ComponentLink1URL"; Value = "http://www.szlcsc.com/product/details_18201.html"; VariantName = "[No Variations]"
Add component (AddParameter): Name = "Package"; Value = "0805"; VariantName = "[No Variations]"
Add component (AddParameter): Name = "Supplier"; Value = "LC"; VariantName = "[No Variations]"
Add component (AddParameter): Name = "SuppliersPartNumber"; Value = "C17513"; VariantName = "[No Variations]"
Added Component: Designator=S2(3X6轻触开关)
Added Pin To Net: NetName=STM32RST Pin=C26-1
Added Pin To Net: NetName=GND Pin=C26-2
Added Pin To Net: NetName=STM32RST Pin=R28-1
Added Pin To Net: NetName=3.3V Pin=R28-2
Added Pin To Net: NetName=GND Pin=S2-1
Added Pin To Net: NetName=STM32RST Pin=S2-2
Added Member To Class: ClassName=Qbot Member=Component C26 100nF(104) 10% 50V
Added Member To Class: ClassName=Qbot Member=Component R28 10KΩ (103) ±1%
Added Member To Class: ClassName=Qbot Member=Component S2 SW_2
